The system is: Darwin - 22.1.0 - arm64
Compiling the C compiler identification source file "CMakeCCompilerId.c" succeeded.
Compiler: /opt/homebrew/Cellar/llvm/14.0.6_1/bin/clang 
Build flags: 
Id flags:  

The output was:
0


Compilation of the C compiler identification source "CMakeCCompilerId.c" produced "a.out"

The C compiler identification is Clang, found in "/Users/choidygks/Developer/maple/build/CMakeFiles/3.24.1/CompilerIdC/a.out"

Compiling the CXX compiler identification source file "CMakeCXXCompilerId.cpp" succeeded.
Compiler: /opt/homebrew/Cellar/llvm/14.0.6_1/bin/clang++ 
Build flags: 
Id flags:  

The output was:
0


Compilation of the CXX compiler identification source "CMakeCXXCompilerId.cpp" produced "a.out"

The CXX compiler identification is Clang, found in "/Users/choidygks/Developer/maple/build/CMakeFiles/3.24.1/CompilerIdCXX/a.out"

Detecting C compiler ABI info compiled with the following output:
Change Dir: /Users/choidygks/Developer/maple/build/CMakeFiles/CMakeTmp

Run Build Command(s):/opt/homebrew/bin/ninja cmTC_d5e57 && [1/2] Building C object CMakeFiles/cmTC_d5e57.dir/CMakeCCompilerABI.c.o
Homebrew clang version 14.0.6
Target: arm64-apple-darwin22.1.0
Thread model: posix
InstalledDir: /opt/homebrew/Cellar/llvm/14.0.6_1/bin
clang-14: warning: -Wl,-v: 'linker' input unused [-Wunused-command-line-argument]
 (in-process)
 "/opt/homebrew/Cellar/llvm/14.0.6_1/bin/clang-14" -cc1 -triple arm64-apple-macosx12.3.0 -Wundef-prefix=TARGET_OS_ -Werror=undef-prefix -Wdeprecated-objc-isa-usage -Werror=deprecated-objc-isa-usage -emit-obj -mrelax-all --mrelax-relocations -disable-free -clear-ast-before-backend -disable-llvm-verifier -discard-value-names -main-file-name CMakeCCompilerABI.c -mrelocation-model pic -pic-level 2 -mframe-pointer=non-leaf -ffp-contract=on -fno-rounding-math -funwind-tables=2 -target-sdk-version=12.3 -fcompatibility-qualified-id-block-type-checking -fvisibility-inlines-hidden-static-local-var -target-cpu apple-m1 -target-feature +v8.5a -target-feature +fp-armv8 -target-feature +neon -target-feature +crc -target-feature +crypto -target-feature +dotprod -target-feature +fp16fml -target-feature +ras -target-feature +lse -target-feature +rdm -target-feature +rcpc -target-feature +zcm -target-feature +zcz -target-feature +fullfp16 -target-feature +sha2 -target-feature +aes -target-abi darwinpcs -fallow-half-arguments-and-returns -mllvm -treat-scalable-fixed-error-as-warning -debugger-tuning=lldb -target-linker-version 764 -v -fcoverage-compilation-dir=/Users/choidygks/Developer/maple/build/CMakeFiles/CMakeTmp -resource-dir /opt/homebrew/Cellar/llvm/14.0.6_1/lib/clang/14.0.6 -dependency-file CMakeFiles/cmTC_d5e57.dir/CMakeCCompilerABI.c.o.d -MT CMakeFiles/cmTC_d5e57.dir/CMakeCCompilerABI.c.o -sys-header-deps -isysroot /Applications/Xcode.app/Contents/Developer/Platforms/MacOSX.platform/Developer/SDKs/MacOSX12.3.sdk -internal-isystem /Applications/Xcode.app/Contents/Developer/Platforms/MacOSX.platform/Developer/SDKs/MacOSX12.3.sdk/usr/local/include -internal-isystem /opt/homebrew/Cellar/llvm/14.0.6_1/lib/clang/14.0.6/include -internal-externc-isystem /Applications/Xcode.app/Contents/Developer/Platforms/MacOSX.platform/Developer/SDKs/MacOSX12.3.sdk/usr/include -fdebug-compilation-dir=/Users/choidygks/Developer/maple/build/CMakeFiles/CMakeTmp -ferror-limit 19 -stack-protector 1 -fblocks -fencode-extended-block-signature -fregister-global-dtors-with-atexit -fgnuc-version=4.2.1 -fmax-type-align=16 -D__GCC_HAVE_DWARF2_CFI_ASM=1 -o CMakeFiles/cmTC_d5e57.dir/CMakeCCompilerABI.c.o -x c /opt/homebrew/Cellar/cmake/3.24.1/share/cmake/Modules/CMakeCCompilerABI.c
clang -cc1 version 14.0.6 based upon LLVM 14.0.6 default target arm64-apple-darwin22.1.0
ignoring nonexistent directory "/Applications/Xcode.app/Contents/Developer/Platforms/MacOSX.platform/Developer/SDKs/MacOSX12.3.sdk/usr/local/include"
ignoring nonexistent directory "/Applications/Xcode.app/Contents/Developer/Platforms/MacOSX.platform/Developer/SDKs/MacOSX12.3.sdk/Library/Frameworks"
#include "..." search starts here:
#include <...> search starts here:
 /opt/homebrew/Cellar/llvm/14.0.6_1/lib/clang/14.0.6/include
 /Applications/Xcode.app/Contents/Developer/Platforms/MacOSX.platform/Developer/SDKs/MacOSX12.3.sdk/usr/include
 /Applications/Xcode.app/Contents/Developer/Platforms/MacOSX.platform/Developer/SDKs/MacOSX12.3.sdk/System/Library/Frameworks (framework directory)
End of search list.
[2/2] Linking C executable cmTC_d5e57
Homebrew clang version 14.0.6
Target: arm64-apple-darwin22.1.0
Thread model: posix
InstalledDir: /opt/homebrew/Cellar/llvm/14.0.6_1/bin
 "/usr/bin/ld" -demangle -lto_library /opt/homebrew/Cellar/llvm/14.0.6_1/lib/libLTO.dylib -dynamic -arch arm64 -platform_version macos 12.3.0 12.3 -syslibroot /Library/Developer/CommandLineTools/SDKs/MacOSX12.sdk -o cmTC_d5e57 -L/opt/homebrew/opt/llvm/lib -search_paths_first -headerpad_max_install_names -v CMakeFiles/cmTC_d5e57.dir/CMakeCCompilerABI.c.o -lSystem /opt/homebrew/Cellar/llvm/14.0.6_1/lib/clang/14.0.6/lib/darwin/libclang_rt.osx.a
@(#)PROGRAM:ld  PROJECT:ld64-819.6
BUILD 14:58:44 Aug  5 2022
configured to support archs: armv6 armv7 armv7s arm64 arm64e arm64_32 i386 x86_64 x86_64h armv6m armv7k armv7m armv7em
Library search paths:
	/opt/homebrew/opt/llvm/lib
	/Library/Developer/CommandLineTools/SDKs/MacOSX12.sdk/usr/lib
Framework search paths:
	/Library/Developer/CommandLineTools/SDKs/MacOSX12.sdk/System/Library/Frameworks/



Parsed C implicit include dir info from above output: rv=done
  found start of include info
  found start of implicit include info
    add: [/opt/homebrew/Cellar/llvm/14.0.6_1/lib/clang/14.0.6/include]
    add: [/Applications/Xcode.app/Contents/Developer/Platforms/MacOSX.platform/Developer/SDKs/MacOSX12.3.sdk/usr/include]
  end of search list found
  collapse include dir [/opt/homebrew/Cellar/llvm/14.0.6_1/lib/clang/14.0.6/include] ==> [/opt/homebrew/Cellar/llvm/14.0.6_1/lib/clang/14.0.6/include]
  collapse include dir [/Applications/Xcode.app/Contents/Developer/Platforms/MacOSX.platform/Developer/SDKs/MacOSX12.3.sdk/usr/include] ==> [/Applications/Xcode.app/Contents/Developer/Platforms/MacOSX.platform/Developer/SDKs/MacOSX12.3.sdk/usr/include]
  implicit include dirs: [/opt/homebrew/Cellar/llvm/14.0.6_1/lib/clang/14.0.6/include;/Applications/Xcode.app/Contents/Developer/Platforms/MacOSX.platform/Developer/SDKs/MacOSX12.3.sdk/usr/include]


Parsed C implicit link information from above output:
  link line regex: [^( *|.*[/\])(ld\.lld|CMAKE_LINK_STARTFILE-NOTFOUND|([^/\]+-)?ld|collect2)[^/\]*( |$)]
  ignore line: [Change Dir: /Users/choidygks/Developer/maple/build/CMakeFiles/CMakeTmp]
  ignore line: []
  ignore line: [Run Build Command(s):/opt/homebrew/bin/ninja cmTC_d5e57 && [1/2] Building C object CMakeFiles/cmTC_d5e57.dir/CMakeCCompilerABI.c.o]
  ignore line: [Homebrew clang version 14.0.6]
  ignore line: [Target: arm64-apple-darwin22.1.0]
  ignore line: [Thread model: posix]
  ignore line: [InstalledDir: /opt/homebrew/Cellar/llvm/14.0.6_1/bin]
  ignore line: [clang-14: warning: -Wl -v: 'linker' input unused [-Wunused-command-line-argument]]
  ignore line: [ (in-process)]
  ignore line: [ "/opt/homebrew/Cellar/llvm/14.0.6_1/bin/clang-14" -cc1 -triple arm64-apple-macosx12.3.0 -Wundef-prefix=TARGET_OS_ -Werror=undef-prefix -Wdeprecated-objc-isa-usage -Werror=deprecated-objc-isa-usage -emit-obj -mrelax-all --mrelax-relocations -disable-free -clear-ast-before-backend -disable-llvm-verifier -discard-value-names -main-file-name CMakeCCompilerABI.c -mrelocation-model pic -pic-level 2 -mframe-pointer=non-leaf -ffp-contract=on -fno-rounding-math -funwind-tables=2 -target-sdk-version=12.3 -fcompatibility-qualified-id-block-type-checking -fvisibility-inlines-hidden-static-local-var -target-cpu apple-m1 -target-feature +v8.5a -target-feature +fp-armv8 -target-feature +neon -target-feature +crc -target-feature +crypto -target-feature +dotprod -target-feature +fp16fml -target-feature +ras -target-feature +lse -target-feature +rdm -target-feature +rcpc -target-feature +zcm -target-feature +zcz -target-feature +fullfp16 -target-feature +sha2 -target-feature +aes -target-abi darwinpcs -fallow-half-arguments-and-returns -mllvm -treat-scalable-fixed-error-as-warning -debugger-tuning=lldb -target-linker-version 764 -v -fcoverage-compilation-dir=/Users/choidygks/Developer/maple/build/CMakeFiles/CMakeTmp -resource-dir /opt/homebrew/Cellar/llvm/14.0.6_1/lib/clang/14.0.6 -dependency-file CMakeFiles/cmTC_d5e57.dir/CMakeCCompilerABI.c.o.d -MT CMakeFiles/cmTC_d5e57.dir/CMakeCCompilerABI.c.o -sys-header-deps -isysroot /Applications/Xcode.app/Contents/Developer/Platforms/MacOSX.platform/Developer/SDKs/MacOSX12.3.sdk -internal-isystem /Applications/Xcode.app/Contents/Developer/Platforms/MacOSX.platform/Developer/SDKs/MacOSX12.3.sdk/usr/local/include -internal-isystem /opt/homebrew/Cellar/llvm/14.0.6_1/lib/clang/14.0.6/include -internal-externc-isystem /Applications/Xcode.app/Contents/Developer/Platforms/MacOSX.platform/Developer/SDKs/MacOSX12.3.sdk/usr/include -fdebug-compilation-dir=/Users/choidygks/Developer/maple/build/CMakeFiles/CMakeTmp -ferror-limit 19 -stack-protector 1 -fblocks -fencode-extended-block-signature -fregister-global-dtors-with-atexit -fgnuc-version=4.2.1 -fmax-type-align=16 -D__GCC_HAVE_DWARF2_CFI_ASM=1 -o CMakeFiles/cmTC_d5e57.dir/CMakeCCompilerABI.c.o -x c /opt/homebrew/Cellar/cmake/3.24.1/share/cmake/Modules/CMakeCCompilerABI.c]
  ignore line: [clang -cc1 version 14.0.6 based upon LLVM 14.0.6 default target arm64-apple-darwin22.1.0]
  ignore line: [ignoring nonexistent directory "/Applications/Xcode.app/Contents/Developer/Platforms/MacOSX.platform/Developer/SDKs/MacOSX12.3.sdk/usr/local/include"]
  ignore line: [ignoring nonexistent directory "/Applications/Xcode.app/Contents/Developer/Platforms/MacOSX.platform/Developer/SDKs/MacOSX12.3.sdk/Library/Frameworks"]
  ignore line: [#include "..." search starts here:]
  ignore line: [#include <...> search starts here:]
  ignore line: [ /opt/homebrew/Cellar/llvm/14.0.6_1/lib/clang/14.0.6/include]
  ignore line: [ /Applications/Xcode.app/Contents/Developer/Platforms/MacOSX.platform/Developer/SDKs/MacOSX12.3.sdk/usr/include]
  ignore line: [ /Applications/Xcode.app/Contents/Developer/Platforms/MacOSX.platform/Developer/SDKs/MacOSX12.3.sdk/System/Library/Frameworks (framework directory)]
  ignore line: [End of search list.]
  ignore line: [[2/2] Linking C executable cmTC_d5e57]
  ignore line: [Homebrew clang version 14.0.6]
  ignore line: [Target: arm64-apple-darwin22.1.0]
  ignore line: [Thread model: posix]
  ignore line: [InstalledDir: /opt/homebrew/Cellar/llvm/14.0.6_1/bin]
  link line: [ "/usr/bin/ld" -demangle -lto_library /opt/homebrew/Cellar/llvm/14.0.6_1/lib/libLTO.dylib -dynamic -arch arm64 -platform_version macos 12.3.0 12.3 -syslibroot /Library/Developer/CommandLineTools/SDKs/MacOSX12.sdk -o cmTC_d5e57 -L/opt/homebrew/opt/llvm/lib -search_paths_first -headerpad_max_install_names -v CMakeFiles/cmTC_d5e57.dir/CMakeCCompilerABI.c.o -lSystem /opt/homebrew/Cellar/llvm/14.0.6_1/lib/clang/14.0.6/lib/darwin/libclang_rt.osx.a]
    arg [/usr/bin/ld] ==> ignore
    arg [-demangle] ==> ignore
    arg [-lto_library] ==> ignore, skip following value
    arg [/opt/homebrew/Cellar/llvm/14.0.6_1/lib/libLTO.dylib] ==> skip value of -lto_library
    arg [-dynamic] ==> ignore
    arg [-arch] ==> ignore
    arg [arm64] ==> ignore
    arg [-platform_version] ==> ignore
    arg [macos] ==> ignore
    arg [12.3.0] ==> ignore
    arg [12.3] ==> ignore
    arg [-syslibroot] ==> ignore
    arg [/Library/Developer/CommandLineTools/SDKs/MacOSX12.sdk] ==> ignore
    arg [-o] ==> ignore
    arg [cmTC_d5e57] ==> ignore
    arg [-L/opt/homebrew/opt/llvm/lib] ==> dir [/opt/homebrew/opt/llvm/lib]
    arg [-search_paths_first] ==> ignore
    arg [-headerpad_max_install_names] ==> ignore
    arg [-v] ==> ignore
    arg [CMakeFiles/cmTC_d5e57.dir/CMakeCCompilerABI.c.o] ==> ignore
    arg [-lSystem] ==> lib [System]
    arg [/opt/homebrew/Cellar/llvm/14.0.6_1/lib/clang/14.0.6/lib/darwin/libclang_rt.osx.a] ==> lib [/opt/homebrew/Cellar/llvm/14.0.6_1/lib/clang/14.0.6/lib/darwin/libclang_rt.osx.a]
  Library search paths: [;/opt/homebrew/opt/llvm/lib;/Library/Developer/CommandLineTools/SDKs/MacOSX12.sdk/usr/lib]
  Framework search paths: [;/Library/Developer/CommandLineTools/SDKs/MacOSX12.sdk/System/Library/Frameworks/]
  remove lib [System]
  remove lib [/opt/homebrew/Cellar/llvm/14.0.6_1/lib/clang/14.0.6/lib/darwin/libclang_rt.osx.a]
  collapse library dir [/opt/homebrew/opt/llvm/lib] ==> [/opt/homebrew/opt/llvm/lib]
  collapse library dir [/opt/homebrew/opt/llvm/lib] ==> [/opt/homebrew/opt/llvm/lib]
  collapse library dir [/Library/Developer/CommandLineTools/SDKs/MacOSX12.sdk/usr/lib] ==> [/Library/Developer/CommandLineTools/SDKs/MacOSX12.sdk/usr/lib]
  collapse framework dir [/Library/Developer/CommandLineTools/SDKs/MacOSX12.sdk/System/Library/Frameworks/] ==> [/Library/Developer/CommandLineTools/SDKs/MacOSX12.sdk/System/Library/Frameworks]
  implicit libs: []
  implicit objs: []
  implicit dirs: [/opt/homebrew/opt/llvm/lib;/Library/Developer/CommandLineTools/SDKs/MacOSX12.sdk/usr/lib]
  implicit fwks: [/Library/Developer/CommandLineTools/SDKs/MacOSX12.sdk/System/Library/Frameworks]


Detecting CXX compiler ABI info compiled with the following output:
Change Dir: /Users/choidygks/Developer/maple/build/CMakeFiles/CMakeTmp

Run Build Command(s):/opt/homebrew/bin/ninja cmTC_51b1e && [1/2] Building CXX object CMakeFiles/cmTC_51b1e.dir/CMakeCXXCompilerABI.cpp.o
Homebrew clang version 14.0.6
Target: arm64-apple-darwin22.1.0
Thread model: posix
InstalledDir: /opt/homebrew/Cellar/llvm/14.0.6_1/bin
clang-14: warning: -Wl,-v: 'linker' input unused [-Wunused-command-line-argument]
 (in-process)
 "/opt/homebrew/Cellar/llvm/14.0.6_1/bin/clang-14" -cc1 -triple arm64-apple-macosx12.3.0 -Wundef-prefix=TARGET_OS_ -Werror=undef-prefix -Wdeprecated-objc-isa-usage -Werror=deprecated-objc-isa-usage -emit-obj -mrelax-all --mrelax-relocations -disable-free -clear-ast-before-backend -disable-llvm-verifier -discard-value-names -main-file-name CMakeCXXCompilerABI.cpp -mrelocation-model pic -pic-level 2 -mframe-pointer=non-leaf -ffp-contract=on -fno-rounding-math -funwind-tables=2 -target-sdk-version=12.3 -fcompatibility-qualified-id-block-type-checking -fvisibility-inlines-hidden-static-local-var -target-cpu apple-m1 -target-feature +v8.5a -target-feature +fp-armv8 -target-feature +neon -target-feature +crc -target-feature +crypto -target-feature +dotprod -target-feature +fp16fml -target-feature +ras -target-feature +lse -target-feature +rdm -target-feature +rcpc -target-feature +zcm -target-feature +zcz -target-feature +fullfp16 -target-feature +sha2 -target-feature +aes -target-abi darwinpcs -fallow-half-arguments-and-returns -mllvm -treat-scalable-fixed-error-as-warning -debugger-tuning=lldb -target-linker-version 764 -v -fcoverage-compilation-dir=/Users/choidygks/Developer/maple/build/CMakeFiles/CMakeTmp -resource-dir /opt/homebrew/Cellar/llvm/14.0.6_1/lib/clang/14.0.6 -dependency-file CMakeFiles/cmTC_51b1e.dir/CMakeCXXCompilerABI.cpp.o.d -MT CMakeFiles/cmTC_51b1e.dir/CMakeCXXCompilerABI.cpp.o -sys-header-deps -isysroot /Applications/Xcode.app/Contents/Developer/Platforms/MacOSX.platform/Developer/SDKs/MacOSX12.3.sdk -stdlib=libc++ -internal-isystem /opt/homebrew/Cellar/llvm/14.0.6_1/bin/../include/c++/v1 -internal-isystem /Applications/Xcode.app/Contents/Developer/Platforms/MacOSX.platform/Developer/SDKs/MacOSX12.3.sdk/usr/local/include -internal-isystem /opt/homebrew/Cellar/llvm/14.0.6_1/lib/clang/14.0.6/include -internal-externc-isystem /Applications/Xcode.app/Contents/Developer/Platforms/MacOSX.platform/Developer/SDKs/MacOSX12.3.sdk/usr/include -fdeprecated-macro -fdebug-compilation-dir=/Users/choidygks/Developer/maple/build/CMakeFiles/CMakeTmp -ferror-limit 19 -stack-protector 1 -fblocks -fencode-extended-block-signature -fregister-global-dtors-with-atexit -fgnuc-version=4.2.1 -fcxx-exceptions -fexceptions -fmax-type-align=16 -D__GCC_HAVE_DWARF2_CFI_ASM=1 -o CMakeFiles/cmTC_51b1e.dir/CMakeCXXCompilerABI.cpp.o -x c++ /opt/homebrew/Cellar/cmake/3.24.1/share/cmake/Modules/CMakeCXXCompilerABI.cpp
clang -cc1 version 14.0.6 based upon LLVM 14.0.6 default target arm64-apple-darwin22.1.0
ignoring nonexistent directory "/Applications/Xcode.app/Contents/Developer/Platforms/MacOSX.platform/Developer/SDKs/MacOSX12.3.sdk/usr/local/include"
ignoring nonexistent directory "/Applications/Xcode.app/Contents/Developer/Platforms/MacOSX.platform/Developer/SDKs/MacOSX12.3.sdk/Library/Frameworks"
#include "..." search starts here:
#include <...> search starts here:
 /opt/homebrew/Cellar/llvm/14.0.6_1/bin/../include/c++/v1
 /opt/homebrew/Cellar/llvm/14.0.6_1/lib/clang/14.0.6/include
 /Applications/Xcode.app/Contents/Developer/Platforms/MacOSX.platform/Developer/SDKs/MacOSX12.3.sdk/usr/include
 /Applications/Xcode.app/Contents/Developer/Platforms/MacOSX.platform/Developer/SDKs/MacOSX12.3.sdk/System/Library/Frameworks (framework directory)
End of search list.
[2/2] Linking CXX executable cmTC_51b1e
Homebrew clang version 14.0.6
Target: arm64-apple-darwin22.1.0
Thread model: posix
InstalledDir: /opt/homebrew/Cellar/llvm/14.0.6_1/bin
 "/usr/bin/ld" -demangle -lto_library /opt/homebrew/Cellar/llvm/14.0.6_1/lib/libLTO.dylib -dynamic -arch arm64 -platform_version macos 12.3.0 12.3 -syslibroot /Library/Developer/CommandLineTools/SDKs/MacOSX12.sdk -o cmTC_51b1e -L/opt/homebrew/opt/llvm/lib -search_paths_first -headerpad_max_install_names -v CMakeFiles/cmTC_51b1e.dir/CMakeCXXCompilerABI.cpp.o -lc++ -lSystem /opt/homebrew/Cellar/llvm/14.0.6_1/lib/clang/14.0.6/lib/darwin/libclang_rt.osx.a
@(#)PROGRAM:ld  PROJECT:ld64-819.6
BUILD 14:58:44 Aug  5 2022
configured to support archs: armv6 armv7 armv7s arm64 arm64e arm64_32 i386 x86_64 x86_64h armv6m armv7k armv7m armv7em
Library search paths:
	/opt/homebrew/opt/llvm/lib
	/Library/Developer/CommandLineTools/SDKs/MacOSX12.sdk/usr/lib
Framework search paths:
	/Library/Developer/CommandLineTools/SDKs/MacOSX12.sdk/System/Library/Frameworks/



Parsed CXX implicit include dir info from above output: rv=done
  found start of include info
  found start of implicit include info
    add: [/opt/homebrew/Cellar/llvm/14.0.6_1/bin/../include/c++/v1]
    add: [/opt/homebrew/Cellar/llvm/14.0.6_1/lib/clang/14.0.6/include]
    add: [/Applications/Xcode.app/Contents/Developer/Platforms/MacOSX.platform/Developer/SDKs/MacOSX12.3.sdk/usr/include]
  end of search list found
  collapse include dir [/opt/homebrew/Cellar/llvm/14.0.6_1/bin/../include/c++/v1] ==> [/opt/homebrew/Cellar/llvm/14.0.6_1/include/c++/v1]
  collapse include dir [/opt/homebrew/Cellar/llvm/14.0.6_1/lib/clang/14.0.6/include] ==> [/opt/homebrew/Cellar/llvm/14.0.6_1/lib/clang/14.0.6/include]
  collapse include dir [/Applications/Xcode.app/Contents/Developer/Platforms/MacOSX.platform/Developer/SDKs/MacOSX12.3.sdk/usr/include] ==> [/Applications/Xcode.app/Contents/Developer/Platforms/MacOSX.platform/Developer/SDKs/MacOSX12.3.sdk/usr/include]
  implicit include dirs: [/opt/homebrew/Cellar/llvm/14.0.6_1/include/c++/v1;/opt/homebrew/Cellar/llvm/14.0.6_1/lib/clang/14.0.6/include;/Applications/Xcode.app/Contents/Developer/Platforms/MacOSX.platform/Developer/SDKs/MacOSX12.3.sdk/usr/include]


Parsed CXX implicit link information from above output:
  link line regex: [^( *|.*[/\])(ld\.lld|CMAKE_LINK_STARTFILE-NOTFOUND|([^/\]+-)?ld|collect2)[^/\]*( |$)]
  ignore line: [Change Dir: /Users/choidygks/Developer/maple/build/CMakeFiles/CMakeTmp]
  ignore line: []
  ignore line: [Run Build Command(s):/opt/homebrew/bin/ninja cmTC_51b1e && [1/2] Building CXX object CMakeFiles/cmTC_51b1e.dir/CMakeCXXCompilerABI.cpp.o]
  ignore line: [Homebrew clang version 14.0.6]
  ignore line: [Target: arm64-apple-darwin22.1.0]
  ignore line: [Thread model: posix]
  ignore line: [InstalledDir: /opt/homebrew/Cellar/llvm/14.0.6_1/bin]
  ignore line: [clang-14: warning: -Wl -v: 'linker' input unused [-Wunused-command-line-argument]]
  ignore line: [ (in-process)]
  ignore line: [ "/opt/homebrew/Cellar/llvm/14.0.6_1/bin/clang-14" -cc1 -triple arm64-apple-macosx12.3.0 -Wundef-prefix=TARGET_OS_ -Werror=undef-prefix -Wdeprecated-objc-isa-usage -Werror=deprecated-objc-isa-usage -emit-obj -mrelax-all --mrelax-relocations -disable-free -clear-ast-before-backend -disable-llvm-verifier -discard-value-names -main-file-name CMakeCXXCompilerABI.cpp -mrelocation-model pic -pic-level 2 -mframe-pointer=non-leaf -ffp-contract=on -fno-rounding-math -funwind-tables=2 -target-sdk-version=12.3 -fcompatibility-qualified-id-block-type-checking -fvisibility-inlines-hidden-static-local-var -target-cpu apple-m1 -target-feature +v8.5a -target-feature +fp-armv8 -target-feature +neon -target-feature +crc -target-feature +crypto -target-feature +dotprod -target-feature +fp16fml -target-feature +ras -target-feature +lse -target-feature +rdm -target-feature +rcpc -target-feature +zcm -target-feature +zcz -target-feature +fullfp16 -target-feature +sha2 -target-feature +aes -target-abi darwinpcs -fallow-half-arguments-and-returns -mllvm -treat-scalable-fixed-error-as-warning -debugger-tuning=lldb -target-linker-version 764 -v -fcoverage-compilation-dir=/Users/choidygks/Developer/maple/build/CMakeFiles/CMakeTmp -resource-dir /opt/homebrew/Cellar/llvm/14.0.6_1/lib/clang/14.0.6 -dependency-file CMakeFiles/cmTC_51b1e.dir/CMakeCXXCompilerABI.cpp.o.d -MT CMakeFiles/cmTC_51b1e.dir/CMakeCXXCompilerABI.cpp.o -sys-header-deps -isysroot /Applications/Xcode.app/Contents/Developer/Platforms/MacOSX.platform/Developer/SDKs/MacOSX12.3.sdk -stdlib=libc++ -internal-isystem /opt/homebrew/Cellar/llvm/14.0.6_1/bin/../include/c++/v1 -internal-isystem /Applications/Xcode.app/Contents/Developer/Platforms/MacOSX.platform/Developer/SDKs/MacOSX12.3.sdk/usr/local/include -internal-isystem /opt/homebrew/Cellar/llvm/14.0.6_1/lib/clang/14.0.6/include -internal-externc-isystem /Applications/Xcode.app/Contents/Developer/Platforms/MacOSX.platform/Developer/SDKs/MacOSX12.3.sdk/usr/include -fdeprecated-macro -fdebug-compilation-dir=/Users/choidygks/Developer/maple/build/CMakeFiles/CMakeTmp -ferror-limit 19 -stack-protector 1 -fblocks -fencode-extended-block-signature -fregister-global-dtors-with-atexit -fgnuc-version=4.2.1 -fcxx-exceptions -fexceptions -fmax-type-align=16 -D__GCC_HAVE_DWARF2_CFI_ASM=1 -o CMakeFiles/cmTC_51b1e.dir/CMakeCXXCompilerABI.cpp.o -x c++ /opt/homebrew/Cellar/cmake/3.24.1/share/cmake/Modules/CMakeCXXCompilerABI.cpp]
  ignore line: [clang -cc1 version 14.0.6 based upon LLVM 14.0.6 default target arm64-apple-darwin22.1.0]
  ignore line: [ignoring nonexistent directory "/Applications/Xcode.app/Contents/Developer/Platforms/MacOSX.platform/Developer/SDKs/MacOSX12.3.sdk/usr/local/include"]
  ignore line: [ignoring nonexistent directory "/Applications/Xcode.app/Contents/Developer/Platforms/MacOSX.platform/Developer/SDKs/MacOSX12.3.sdk/Library/Frameworks"]
  ignore line: [#include "..." search starts here:]
  ignore line: [#include <...> search starts here:]
  ignore line: [ /opt/homebrew/Cellar/llvm/14.0.6_1/bin/../include/c++/v1]
  ignore line: [ /opt/homebrew/Cellar/llvm/14.0.6_1/lib/clang/14.0.6/include]
  ignore line: [ /Applications/Xcode.app/Contents/Developer/Platforms/MacOSX.platform/Developer/SDKs/MacOSX12.3.sdk/usr/include]
  ignore line: [ /Applications/Xcode.app/Contents/Developer/Platforms/MacOSX.platform/Developer/SDKs/MacOSX12.3.sdk/System/Library/Frameworks (framework directory)]
  ignore line: [End of search list.]
  ignore line: [[2/2] Linking CXX executable cmTC_51b1e]
  ignore line: [Homebrew clang version 14.0.6]
  ignore line: [Target: arm64-apple-darwin22.1.0]
  ignore line: [Thread model: posix]
  ignore line: [InstalledDir: /opt/homebrew/Cellar/llvm/14.0.6_1/bin]
  link line: [ "/usr/bin/ld" -demangle -lto_library /opt/homebrew/Cellar/llvm/14.0.6_1/lib/libLTO.dylib -dynamic -arch arm64 -platform_version macos 12.3.0 12.3 -syslibroot /Library/Developer/CommandLineTools/SDKs/MacOSX12.sdk -o cmTC_51b1e -L/opt/homebrew/opt/llvm/lib -search_paths_first -headerpad_max_install_names -v CMakeFiles/cmTC_51b1e.dir/CMakeCXXCompilerABI.cpp.o -lc++ -lSystem /opt/homebrew/Cellar/llvm/14.0.6_1/lib/clang/14.0.6/lib/darwin/libclang_rt.osx.a]
    arg [/usr/bin/ld] ==> ignore
    arg [-demangle] ==> ignore
    arg [-lto_library] ==> ignore, skip following value
    arg [/opt/homebrew/Cellar/llvm/14.0.6_1/lib/libLTO.dylib] ==> skip value of -lto_library
    arg [-dynamic] ==> ignore
    arg [-arch] ==> ignore
    arg [arm64] ==> ignore
    arg [-platform_version] ==> ignore
    arg [macos] ==> ignore
    arg [12.3.0] ==> ignore
    arg [12.3] ==> ignore
    arg [-syslibroot] ==> ignore
    arg [/Library/Developer/CommandLineTools/SDKs/MacOSX12.sdk] ==> ignore
    arg [-o] ==> ignore
    arg [cmTC_51b1e] ==> ignore
    arg [-L/opt/homebrew/opt/llvm/lib] ==> dir [/opt/homebrew/opt/llvm/lib]
    arg [-search_paths_first] ==> ignore
    arg [-headerpad_max_install_names] ==> ignore
    arg [-v] ==> ignore
    arg [CMakeFiles/cmTC_51b1e.dir/CMakeCXXCompilerABI.cpp.o] ==> ignore
    arg [-lc++] ==> lib [c++]
    arg [-lSystem] ==> lib [System]
    arg [/opt/homebrew/Cellar/llvm/14.0.6_1/lib/clang/14.0.6/lib/darwin/libclang_rt.osx.a] ==> lib [/opt/homebrew/Cellar/llvm/14.0.6_1/lib/clang/14.0.6/lib/darwin/libclang_rt.osx.a]
  Library search paths: [;/opt/homebrew/opt/llvm/lib;/Library/Developer/CommandLineTools/SDKs/MacOSX12.sdk/usr/lib]
  Framework search paths: [;/Library/Developer/CommandLineTools/SDKs/MacOSX12.sdk/System/Library/Frameworks/]
  remove lib [System]
  remove lib [/opt/homebrew/Cellar/llvm/14.0.6_1/lib/clang/14.0.6/lib/darwin/libclang_rt.osx.a]
  collapse library dir [/opt/homebrew/opt/llvm/lib] ==> [/opt/homebrew/opt/llvm/lib]
  collapse library dir [/opt/homebrew/opt/llvm/lib] ==> [/opt/homebrew/opt/llvm/lib]
  collapse library dir [/Library/Developer/CommandLineTools/SDKs/MacOSX12.sdk/usr/lib] ==> [/Library/Developer/CommandLineTools/SDKs/MacOSX12.sdk/usr/lib]
  collapse framework dir [/Library/Developer/CommandLineTools/SDKs/MacOSX12.sdk/System/Library/Frameworks/] ==> [/Library/Developer/CommandLineTools/SDKs/MacOSX12.sdk/System/Library/Frameworks]
  implicit libs: [c++]
  implicit objs: []
  implicit dirs: [/opt/homebrew/opt/llvm/lib;/Library/Developer/CommandLineTools/SDKs/MacOSX12.sdk/usr/lib]
  implicit fwks: [/Library/Developer/CommandLineTools/SDKs/MacOSX12.sdk/System/Library/Frameworks]


